{'time':'2021-03-03 17:16:27,416','message': {'done':'False', state':'[[  0 100 200  13 100 200]]', 'action': '[3]', 'next_state': '[[  3  90 180  13  50 100]]', 'reward': '-0.3533333333333333'}}
{'time':'2021-03-03 17:16:32,646','message': {'done':'False', state':'[[  0 100 200  13 100 200]]', 'action': '[3]', 'next_state': '[[  0  81 162  13  25  50]]', 'reward': '-0.24'}}
{'time':'2021-03-03 17:16:38,137','message': {'done':'False', state':'[[  0 100 200  13 100 200]]', 'action': '[3]', 'next_state': '[[  0  72 145  13  12  25]]', 'reward': '0.045310853530031614'}}
{'time':'2021-03-03 17:16:43,374','message': {'done':'True', state':'[[  0 100 200  13 100 200]]', 'action': '[3]', 'next_state': '[[  0  64 130  13   6  12]]', 'reward': '-0.06818181818181818'}}
{'time':'2021-03-03 17:16:48,744','message': {'done':'True', state':'[[  0 100 200  13 100 200]]', 'action': '[3]', 'next_state': '[[  0  57 117  13   3   6]]', 'reward': '-1.1416666666666666'}}
{'time':'2021-03-03 17:16:53,953','message': {'done':'True', state':'[[  0 100 200  13 100 200]]', 'action': '[3]', 'next_state': '[[  0  51 105  13   1   3]]', 'reward': '-2.4722222222222223'}}
{'time':'2021-03-03 17:17:00,670','message': {'done':'True', state':'[[  0 100 200  13 100 200]]', 'action': '[3]', 'next_state': '[[ 5 45 94 13  0  1]]', 'reward': '-5.908163265306122'}}
{'time':'2021-03-03 17:17:05,891','message': {'done':'True', state':'[[  0 100 200  13 100 200]]', 'action': '[3]', 'next_state': '[[ 4 40 84 13  0  0]]', 'reward': '0'}}
{'time':'2021-03-03 17:17:11,076','message': {'done':'True', state':'[[  0 100 200  13 100 200]]', 'action': '[3]', 'next_state': '[[ 4 36 75 13  0  0]]', 'reward': '0'}}
{'time':'2021-03-03 17:17:16,276','message': {'done':'True', state':'[[  0 100 200  13 100 200]]', 'action': '[3]', 'next_state': '[[ 5 32 67 13  0  0]]', 'reward': '0'}}
{'time':'2021-03-03 17:17:21,640','message': {'done':'True', state':'[[  0 100 200  13 100 200]]', 'action': '[3]', 'next_state': '[[ 5 28 60 13  0  0]]', 'reward': '0'}}
{'time':'2021-03-03 17:17:27,048','message': {'done':'True', state':'[[  0 100 200  13 100 200]]', 'action': '[3]', 'next_state': '[[ 3 25 54 13  0  0]]', 'reward': '0'}}
{'time':'2021-03-03 17:17:32,332','message': {'done':'True', state':'[[  0 100 200  13 100 200]]', 'action': '[3]', 'next_state': '[[ 7 22 48 13  0  0]]', 'reward': '0'}}
{'time':'2021-03-03 17:17:37,602','message': {'done':'True', state':'[[  0 100 200  13 100 200]]', 'action': '[3]', 'next_state': '[[ 0 19 43 13  0  0]]', 'reward': '0'}}
{'time':'2021-03-03 17:17:42,916','message': {'done':'True', state':'[[  0 100 200  13 100 200]]', 'action': '[3]', 'next_state': '[[ 0 17 38 13  0  0]]', 'reward': '0'}}
{'time':'2021-03-03 17:17:48,118','message': {'done':'True', state':'[[  0 100 200  13 100 200]]', 'action': '[3]', 'next_state': '[[ 4 15 34 13  0  0]]', 'reward': '0'}}
{'time':'2021-03-03 17:17:53,499','message': {'done':'True', state':'[[  0 100 200  13 100 200]]', 'action': '[3]', 'next_state': '[[ 6 13 30 13  0  0]]', 'reward': '0'}}
{'time':'2021-03-03 17:17:58,702','message': {'done':'True', state':'[[  0 100 200  13 100 200]]', 'action': '[3]', 'next_state': '[[ 0 11 27 13  0  0]]', 'reward': '0'}}
{'time':'2021-03-03 17:18:03,869','message': {'done':'True', state':'[[  0 100 200  13 100 200]]', 'action': '[3]', 'next_state': '[[ 5  9 24 13  0  0]]', 'reward': '0'}}
{'time':'2021-03-03 17:18:09,237','message': {'done':'True', state':'[[  0 100 200  13 100 200]]', 'action': '[3]', 'next_state': '[[ 0  8 21 13  0  0]]', 'reward': '0'}}
{'time':'2021-03-03 17:18:14,498','message': {'done':'True', state':'[[  0 100 200  13 100 200]]', 'action': '[3]', 'next_state': '[[ 0  7 18 13  0  0]]', 'reward': '0'}}
{'time':'2021-03-03 17:18:19,704','message': {'done':'True', state':'[[  0 100 200  13 100 200]]', 'action': '[3]', 'next_state': '[[ 0  6 16 13  0  0]]', 'reward': '0'}}
{'time':'2021-03-03 17:18:24,921','message': {'done':'True', state':'[[  0 100 200  13 100 200]]', 'action': '[3]', 'next_state': '[[ 0  5 14 13  0  0]]', 'reward': '0'}}
{'time':'2021-03-03 17:18:30,122','message': {'done':'True', state':'[[  0 100 200  13 100 200]]', 'action': '[3]', 'next_state': '[[ 0  4 12 13  0  0]]', 'reward': '0'}}
{'time':'2021-03-03 17:18:35,352','message': {'done':'True', state':'[[  0 100 200  13 100 200]]', 'action': '[3]', 'next_state': '[[ 0  3 10 13  0  0]]', 'reward': '0'}}
{'time':'2021-03-03 17:18:40,594','message': {'done':'True', state':'[[  0 100 200  13 100 200]]', 'action': '[3]', 'next_state': '[[ 0  2  9 13  0  0]]', 'reward': '0'}}
{'time':'2021-03-03 17:18:45,760','message': {'done':'True', state':'[[  0 100 200  13 100 200]]', 'action': '[3]', 'next_state': '[[ 0  1  8 13  0  0]]', 'reward': '0'}}
{'time':'2021-03-03 17:18:50,969','message': {'done':'True', state':'[[  0 100 200  13 100 200]]', 'action': '[3]', 'next_state': '[[ 0  0  7 13  0  0]]', 'reward': '0'}}
{'time':'2021-03-03 17:18:59,264','message': {'done':'True', state':'[[  0 100 200  13 100 200]]', 'action': '[3]', 'next_state': '[[ 0  0  6 13  0  0]]', 'reward': '0'}}
{'time':'2021-03-03 17:19:14,882','message': {'done':'True', state':'[[  0 100 200  13 100 200]]', 'action': '[3]', 'next_state': '[[ 0  0  5 13  0  0]]', 'reward': '0'}}
{'time':'2021-03-03 17:19:24,032','message': {'done':'True', state':'[[  0 100 200  13 100 200]]', 'action': '[3]', 'next_state': '[[ 3  0  4 13  0  0]]', 'reward': '0'}}
{'time':'2021-03-03 17:19:29,239','message': {'done':'True', state':'[[  0 100 200  13 100 200]]', 'action': '[3]', 'next_state': '[[ 0  0  3 13  0  0]]', 'reward': '0'}}
{'time':'2021-03-03 17:19:34,440','message': {'done':'True', state':'[[  0 100 200  13 100 200]]', 'action': '[3]', 'next_state': '[[ 0  0  2 13  0  0]]', 'reward': '0'}}
{'time':'2021-03-03 17:19:39,640','message': {'done':'True', state':'[[  0 100 200  13 100 200]]', 'action': '[3]', 'next_state': '[[ 4  0  1 13  0  0]]', 'reward': '0'}}
{'time':'2021-03-03 17:19:44,819','message': {'done':'True', state':'[[  0 100 200  13 100 200]]', 'action': '[3]', 'next_state': '[[ 0  0  0 13  0  0]]', 'reward': '0'}}
{'time':'2021-03-03 17:19:50,154','message': {'done':'True', state':'[[  0 100 200  13 100 200]]', 'action': '[3]', 'next_state': '[[ 0  0  0 13  0  0]]', 'reward': '0'}}
{'time':'2021-03-03 17:19:55,349','message': {'done':'True', state':'[[  0 100 200  13 100 200]]', 'action': '[3]', 'next_state': '[[ 0  0  0 13  0  0]]', 'reward': '0'}}
{'time':'2021-03-03 17:20:00,545','message': {'done':'True', state':'[[  0 100 200  13 100 200]]', 'action': '[3]', 'next_state': '[[ 0  0  0 13  0  0]]', 'reward': '0'}}
{'time':'2021-03-03 17:20:05,703','message': {'done':'True', state':'[[  0 100 200  13 100 200]]', 'action': '[3]', 'next_state': '[[ 0  0  0 13  0  0]]', 'reward': '0'}}
{'time':'2021-03-03 17:20:11,231','message': {'done':'True', state':'[[  0 100 200  13 100 200]]', 'action': '[3]', 'next_state': '[[ 2  0  0 76  0  0]]', 'reward': '0'}}
{'time':'2021-03-03 17:20:16,458','message': {'done':'True', state':'[[  0 100 200  13 100 200]]', 'action': '[3]', 'next_state': '[[ 2  0  0 76  0  0]]', 'reward': '0'}}
{'time':'2021-03-03 17:20:21,784','message': {'done':'True', state':'[[  0 100 200  13 100 200]]', 'action': '[3]', 'next_state': '[[ 1  0  0 76  0  0]]', 'reward': '0'}}
{'time':'2021-03-03 17:20:27,079','message': {'done':'True', state':'[[  0 100 200  13 100 200]]', 'action': '[3]', 'next_state': '[[ 2  0  0 76  0  0]]', 'reward': '0'}}
{'time':'2021-03-03 17:20:32,229','message': {'done':'True', state':'[[  0 100 200  13 100 200]]', 'action': '[3]', 'next_state': '[[ 2  0  0 76  0  0]]', 'reward': '0'}}
{'time':'2021-03-03 17:20:37,820','message': {'done':'True', state':'[[  0 100 200  13 100 200]]', 'action': '[3]', 'next_state': '[[ 1  0  0 76  0  0]]', 'reward': '0'}}
{'time':'2021-03-03 17:20:43,247','message': {'done':'True', state':'[[  0 100 200  13 100 200]]', 'action': '[3]', 'next_state': '[[ 1  0  0 76  0  0]]', 'reward': '0'}}
{'time':'2021-03-03 17:20:48,448','message': {'done':'True', state':'[[  0 100 200  13 100 200]]', 'action': '[3]', 'next_state': '[[ 0  0  0 76  0  0]]', 'reward': '0'}}
{'time':'2021-03-03 17:20:53,616','message': {'done':'True', state':'[[  0 100 200  13 100 200]]', 'action': '[3]', 'next_state': '[[ 0  0  0 76  0  0]]', 'reward': '0'}}
{'time':'2021-03-03 17:20:59,213','message': {'done':'True', state':'[[  0 100 200  13 100 200]]', 'action': '[3]', 'next_state': '[[ 0  0  0 76  0  0]]', 'reward': '0'}}
{'time':'2021-03-03 17:21:05,461','message': {'done':'True', state':'[[  0 100 200  13 100 200]]', 'action': '[3]', 'next_state': '[[ 0  0  0 76  0  0]]', 'reward': '0'}}
{'time':'2021-03-03 17:21:10,654','message': {'done':'True', state':'[[  0 100 200  13 100 200]]', 'action': '[3]', 'next_state': '[[ 0  0  0 76  0  0]]', 'reward': '0'}}
{'time':'2021-03-03 17:21:15,942','message': {'done':'True', state':'[[  0 100 200  13 100 200]]', 'action': '[3]', 'next_state': '[[ 0  0  0 76  0  0]]', 'reward': '0'}}
{'time':'2021-03-03 17:21:21,128','message': {'done':'True', state':'[[  0 100 200  13 100 200]]', 'action': '[3]', 'next_state': '[[ 0  0  0 76  0  0]]', 'reward': '0'}}
{'time':'2021-03-03 17:21:26,369','message': {'done':'True', state':'[[  0 100 200  13 100 200]]', 'action': '[3]', 'next_state': '[[ 0  0  0 76  0  0]]', 'reward': '0'}}
{'time':'2021-03-03 17:21:32,109','message': {'done':'True', state':'[[  0 100 200  13 100 200]]', 'action': '[3]', 'next_state': '[[ 0  0  0 76  0  0]]', 'reward': '0'}}
{'time':'2021-03-03 17:21:37,978','message': {'done':'True', state':'[[  0 100 200  13 100 200]]', 'action': '[3]', 'next_state': '[[ 0  0  0 76  0  0]]', 'reward': '0'}}
{'time':'2021-03-03 17:21:45,444','message': {'done':'True', state':'[[  0 100 200  13 100 200]]', 'action': '[3]', 'next_state': '[[ 0  0  0 76  0  0]]', 'reward': '0'}}
{'time':'2021-03-03 17:21:50,639','message': {'done':'True', state':'[[  0 100 200  13 100 200]]', 'action': '[3]', 'next_state': '[[ 0  0  0 76  0  0]]', 'reward': '0'}}
{'time':'2021-03-03 17:21:55,858','message': {'done':'True', state':'[[  0 100 200  13 100 200]]', 'action': '[3]', 'next_state': '[[ 0  0  0 76  0  0]]', 'reward': '0'}}
{'time':'2021-03-03 17:22:01,031','message': {'done':'True', state':'[[  0 100 200  13 100 200]]', 'action': '[3]', 'next_state': '[[ 0  0  0 76  0  0]]', 'reward': '0'}}
{'time':'2021-03-03 17:22:06,222','message': {'done':'True', state':'[[  0 100 200  13 100 200]]', 'action': '[3]', 'next_state': '[[ 0  0  0 76  0  0]]', 'reward': '0'}}
{'time':'2021-03-03 17:22:11,418','message': {'done':'True', state':'[[  0 100 200  13 100 200]]', 'action': '[3]', 'next_state': '[[ 0  0  0 76  0  0]]', 'reward': '0'}}
{'time':'2021-03-03 17:22:16,624','message': {'done':'True', state':'[[  0 100 200  13 100 200]]', 'action': '[3]', 'next_state': '[[ 0  0  0 76  0  0]]', 'reward': '0'}}
{'time':'2021-03-03 17:22:21,774','message': {'done':'True', state':'[[  0 100 200  13 100 200]]', 'action': '[3]', 'next_state': '[[ 0  0  0 76  0  0]]', 'reward': '0'}}
{'time':'2021-03-03 17:22:26,916','message': {'done':'True', state':'[[  0 100 200  13 100 200]]', 'action': '[3]', 'next_state': '[[ 0  0  0 76  0  0]]', 'reward': '0'}}
{'time':'2021-03-03 17:22:32,062','message': {'done':'True', state':'[[  0 100 200  13 100 200]]', 'action': '[3]', 'next_state': '[[ 0  0  0 76  0  0]]', 'reward': '0'}}
{'time':'2021-03-03 17:22:37,255','message': {'done':'True', state':'[[  0 100 200  13 100 200]]', 'action': '[3]', 'next_state': '[[ 0  0  0 76  0  0]]', 'reward': '0'}}
{'time':'2021-03-03 17:22:42,444','message': {'done':'True', state':'[[  0 100 200  13 100 200]]', 'action': '[3]', 'next_state': '[[ 0  0  0 76  0  0]]', 'reward': '0'}}
{'time':'2021-03-03 17:22:47,776','message': {'done':'True', state':'[[  0 100 200  13 100 200]]', 'action': '[3]', 'next_state': '[[ 0  0  0 76  0  0]]', 'reward': '0'}}
{'time':'2021-03-03 17:22:52,955','message': {'done':'True', state':'[[  0 100 200  13 100 200]]', 'action': '[3]', 'next_state': '[[ 0  0  0 76  0  0]]', 'reward': '0'}}
{'time':'2021-03-03 17:22:58,138','message': {'done':'True', state':'[[  0 100 200  13 100 200]]', 'action': '[3]', 'next_state': '[[ 0  0  0 76  0  0]]', 'reward': '0'}}
{'time':'2021-03-03 17:23:03,304','message': {'done':'True', state':'[[  0 100 200  13 100 200]]', 'action': '[3]', 'next_state': '[[ 0  0  0 76  0  0]]', 'reward': '0'}}
{'time':'2021-03-03 17:23:08,486','message': {'done':'True', state':'[[  0 100 200  13 100 200]]', 'action': '[3]', 'next_state': '[[ 0  0  0 76  0  0]]', 'reward': '0'}}
{'time':'2021-03-03 17:23:13,675','message': {'done':'True', state':'[[  0 100 200  13 100 200]]', 'action': '[3]', 'next_state': '[[ 0  0  0 76  0  0]]', 'reward': '0'}}
{'time':'2021-03-03 17:23:18,863','message': {'done':'True', state':'[[  0 100 200  13 100 200]]', 'action': '[3]', 'next_state': '[[ 0  0  0 76  0  0]]', 'reward': '0'}}
